<!DOCTYPE html PUBLIC "-//W3C//DTD XHTML 1.1//EN" "https://www.w3.org/TR/xhtml11/DTD/xhtml11.dtd">
<html xmlns="https://www.w3.org/1999/xhtml">
<head>
<meta http-equiv="content-type" content="text/html; charset=UTF-8"/>
<title>TestNG Report</title>
<style type="text/css">table {margin-bottom:10px;border-collapse:collapse;empty-cells:show}th,td {border:1px solid #009;padding:.25em .5em}th {vertical-align:bottom}td {vertical-align:top}table a {font-weight:bold}.stripe td {background-color: #E6EBF9}.num {text-align:right}.passedodd td {background-color: #3F3}.passedeven td {background-color: #0A0}.skippedodd td {background-color: #DDD}.skippedeven td {background-color: #CCC}.failedodd td,.attn {background-color: #F33}.failedeven td,.stripe .attn {background-color: #D00}.stacktrace {white-space:pre;font-family:monospace}.totop {font-size:85%;text-align:center;border-bottom:2px solid #000}.invisible {display:none}</style>
</head>
<body>
<table>
<tr><th>Test</th><th># Passed</th><th># Skipped</th><th># Retried</th><th># Failed</th><th>Time (ms)</th><th>Included Groups</th><th>Excluded Groups</th></tr>
<tr><th colspan="8">LT_TestNG</th></tr>
<tr><td><a href="#t0">Chrome on Windows 10</a></td><td class="num">2</td><td class="num">0</td><td class="num">0</td><td class="num attn">1</td><td class="num">98,754</td><td></td><td></td></tr>
<tr class="stripe"><td><a href="#t1">Edge on macOS Ventura</a></td><td class="num">2</td><td class="num">0</td><td class="num">0</td><td class="num attn">1</td><td class="num">110,374</td><td></td><td></td></tr>
<tr><td><a href="#t2">Internet Explorer on Windows 10</a></td><td class="num">1</td><td class="num">0</td><td class="num">0</td><td class="num attn">2</td><td class="num">125,239</td><td></td><td></td></tr>
<tr class="stripe"><td><a href="#t3">Firefox on Windows 11</a></td><td class="num">2</td><td class="num">0</td><td class="num">0</td><td class="num attn">1</td><td class="num">163,113</td><td></td><td></td></tr>
<tr><th>Total</th><th class="num">7</th><th class="num">0</th><th class="num">0</th><th class="num attn">5</th><th class="num">497,480</th><th colspan="2"></th></tr>
</table>
<table id='summary'><thead><tr><th>Class</th><th>Method</th><th>Start</th><th>Time (ms)</th></tr></thead><tbody><tr><th colspan="4">LT_TestNG</th></tr></tbody><tbody id="t0"><tr><th colspan="4">Chrome on Windows 10 &#8212; failed</th></tr><tr class="failedeven"><td rowspan="1">TestNgPKG.window_10_Chrome_TNg</td><td><a href="#m0">Scenario1</a></td><td rowspan="1">1734156892676</td><td rowspan="1">3557</td></tr><tr><th colspan="4">Chrome on Windows 10 &#8212; passed</th></tr><tr class="passedeven"><td rowspan="2">TestNgPKG.window_10_Chrome_TNg</td><td><a href="#m1">Scenario2</a></td><td rowspan="1">1734156926015</td><td rowspan="1">5879</td></tr><tr class="passedeven"><td><a href="#m2">Scenario3</a></td><td rowspan="1">1734156963852</td><td rowspan="1">5349</td></tr></tbody>
<tbody id="t1"><tr><th colspan="4">Edge on macOS Ventura &#8212; failed</th></tr><tr class="failedeven"><td rowspan="1">TestNgPKG.mac_Edge_TNg</td><td><a href="#m3">Scenario1</a></td><td rowspan="1">1734156907107</td><td rowspan="1">4910</td></tr><tr><th colspan="4">Edge on macOS Ventura &#8212; passed</th></tr><tr class="passedeven"><td rowspan="2">TestNgPKG.mac_Edge_TNg</td><td><a href="#m4">Scenario2</a></td><td rowspan="1">1734156944228</td><td rowspan="1">4559</td></tr><tr class="passedeven"><td><a href="#m5">Scenario3</a></td><td rowspan="1">1734156976412</td><td rowspan="1">4429</td></tr></tbody>
<tbody id="t2"><tr><th colspan="4">Internet Explorer on Windows 10 &#8212; failed</th></tr><tr class="failedeven"><td rowspan="2">TestNgPKG.windows_10_IE_TNg</td><td><a href="#m6">Scenario1</a></td><td rowspan="1">1734156895450</td><td rowspan="1">5308</td></tr><tr class="failedeven"><td><a href="#m7">Scenario3</a></td><td rowspan="1">1734156989683</td><td rowspan="1">6188</td></tr><tr><th colspan="4">Internet Explorer on Windows 10 &#8212; passed</th></tr><tr class="passedeven"><td rowspan="1">TestNgPKG.windows_10_IE_TNg</td><td><a href="#m8">Scenario2</a></td><td rowspan="1">1734156947131</td><td rowspan="1">6816</td></tr></tbody>
<tbody id="t3"><tr><th colspan="4">Firefox on Windows 11 &#8212; failed</th></tr><tr class="failedeven"><td rowspan="1">TestNgPKG.window_10_FFox_TNg</td><td><a href="#m9">Scenario1</a></td><td rowspan="1">1734156921088</td><td rowspan="1">10983</td></tr><tr><th colspan="4">Firefox on Windows 11 &#8212; passed</th></tr><tr class="passedeven"><td rowspan="2">TestNgPKG.window_10_FFox_TNg</td><td><a href="#m10">Scenario2</a></td><td rowspan="1">1734156970808</td><td rowspan="1">12637</td></tr><tr class="passedeven"><td><a href="#m11">Scenario3</a></td><td rowspan="1">1734157012716</td><td rowspan="1">18901</td></tr></tbody>
</table>
<h2>Chrome on Windows 10</h2><h3 id="m0">TestNgPKG.window_10_Chrome_TNg#Scenario1</h3><table class="result"><tr><th>Exception</th></tr><tr><td><div class="stacktrace">java.lang.AssertionError: The following asserts failed:
	Page Title is not as expected! expected [LambdaTest] but found [Selenium Grid Online | Run Selenium Test On Cloud]
	at TestNgPKG.window_10_Chrome_TNg.Scenario1(window_10_Chrome_TNg.java:78)
	at java.base/java.util.concurrent.FutureTask.run(FutureTask.java:317)
	at java.base/java.util.concurrent.ThreadPoolExecutor.runWorker(ThreadPoolExecutor.java:1144)
	at java.base/java.util.concurrent.ThreadPoolExecutor$Worker.run(ThreadPoolExecutor.java:642)
	at java.base/java.lang.Thread.run(Thread.java:1583)
... Removed 8 stack frames</div></td></tr></table><p class="totop"><a href="#summary">back to summary</a></p>
<h3 id="m1">TestNgPKG.window_10_Chrome_TNg#Scenario2</h3><table class="result"><tr><th class="invisible"/></tr></table><p class="totop"><a href="#summary">back to summary</a></p>
<h3 id="m2">TestNgPKG.window_10_Chrome_TNg#Scenario3</h3><table class="result"><tr><th class="invisible"/></tr></table><p class="totop"><a href="#summary">back to summary</a></p>
<h2>Edge on macOS Ventura</h2><h3 id="m3">TestNgPKG.mac_Edge_TNg#Scenario1</h3><table class="result"><tr><th>Exception</th></tr><tr><td><div class="stacktrace">java.lang.AssertionError: The following asserts failed:
	Page Title is not as expected! expected [LambdaTest] but found [Selenium Grid Online | Run Selenium Test On Cloud]
	at TestNgPKG.mac_Edge_TNg.Scenario1(mac_Edge_TNg.java:75)
	at java.base/java.util.concurrent.FutureTask.run(FutureTask.java:317)
	at java.base/java.util.concurrent.ThreadPoolExecutor.runWorker(ThreadPoolExecutor.java:1144)
	at java.base/java.util.concurrent.ThreadPoolExecutor$Worker.run(ThreadPoolExecutor.java:642)
	at java.base/java.lang.Thread.run(Thread.java:1583)
... Removed 8 stack frames</div></td></tr></table><p class="totop"><a href="#summary">back to summary</a></p>
<h3 id="m4">TestNgPKG.mac_Edge_TNg#Scenario2</h3><table class="result"><tr><th class="invisible"/></tr></table><p class="totop"><a href="#summary">back to summary</a></p>
<h3 id="m5">TestNgPKG.mac_Edge_TNg#Scenario3</h3><table class="result"><tr><th class="invisible"/></tr></table><p class="totop"><a href="#summary">back to summary</a></p>
<h2>Internet Explorer on Windows 10</h2><h3 id="m6">TestNgPKG.windows_10_IE_TNg#Scenario1</h3><table class="result"><tr><th>Exception</th></tr><tr><td><div class="stacktrace">java.lang.AssertionError: The following asserts failed:
	Page Title is not as expected! expected [LambdaTest] but found [Selenium Grid Online | Run Selenium Test On Cloud]
	at TestNgPKG.windows_10_IE_TNg.Scenario1(windows_10_IE_TNg.java:72)
	at java.base/java.util.concurrent.FutureTask.run(FutureTask.java:317)
	at java.base/java.util.concurrent.ThreadPoolExecutor.runWorker(ThreadPoolExecutor.java:1144)
	at java.base/java.util.concurrent.ThreadPoolExecutor$Worker.run(ThreadPoolExecutor.java:642)
	at java.base/java.lang.Thread.run(Thread.java:1583)
... Removed 8 stack frames</div></td></tr></table><p class="totop"><a href="#summary">back to summary</a></p>
<h3 id="m7">TestNgPKG.windows_10_IE_TNg#Scenario3</h3><table class="result"><tr><th>Exception</th></tr><tr><td><div class="stacktrace">org.openqa.selenium.NoAlertPresentException: No alert is active
Build info: version: &apos;4.27.0&apos;, revision: &apos;d6e718d134&apos;
System info: os.name: &apos;Windows 11&apos;, os.arch: &apos;amd64&apos;, os.version: &apos;10.0&apos;, java.version: &apos;21.0.1&apos;
Driver info: org.openqa.selenium.remote.RemoteWebDriver
Command: [d30671f9-8d81-4daa-994b-5068b6eb0cca, getAlertText {}]
Capabilities {acceptInsecureCerts: false, browserName: internet explorer, browserVersion: 11, pageLoadStrategy: normal, platformName: windows, proxy: Proxy(), se:ieOptions: {browserAttachTimeout: 0, elementScrollBehavior: 0, enablePersistentHover: true, ie.browserCommandLineSwitches: , ie.ensureCleanSession: false, ie.fileUploadDialogTimeout: 3000, ie.forceCreateProcessApi: false, ignoreProtectedModeSettings: false, ignoreZoomSetting: false, initialBrowserUrl: http://localhost:41000/, nativeEvents: true, requireWindowFocus: false}, setWindowRect: true, timeouts: {implicit: 0, pageLoad: 300000, script: 30000}, webdriver.remote.sessionid: d30671f9-8d81-4daa-994b-506...}
Session ID: d30671f9-8d81-4daa-994b-5068b6eb0cca
	at org.openqa.selenium.remote.ErrorCodec.decode(ErrorCodec.java:167)
	at org.openqa.selenium.remote.codec.w3c.W3CHttpResponseCodec.decode(W3CHttpResponseCodec.java:138)
	at org.openqa.selenium.remote.codec.w3c.W3CHttpResponseCodec.decode(W3CHttpResponseCodec.java:50)
	at org.openqa.selenium.remote.HttpCommandExecutor.execute(HttpCommandExecutor.java:190)
	at org.openqa.selenium.remote.TracedCommandExecutor.execute(TracedCommandExecutor.java:53)
	at org.openqa.selenium.remote.RemoteWebDriver.execute(RemoteWebDriver.java:545)
	at org.openqa.selenium.remote.RemoteWebDriver.execute(RemoteWebDriver.java:618)
	at org.openqa.selenium.remote.RemoteWebDriver.execute(RemoteWebDriver.java:622)
	at org.openqa.selenium.remote.RemoteWebDriver$RemoteTargetLocator.alert(RemoteWebDriver.java:1194)
	at TestNgPKG.windows_10_IE_TNg.Scenario3(windows_10_IE_TNg.java:97)
	at java.base/java.util.concurrent.FutureTask.run(FutureTask.java:317)
	at java.base/java.util.concurrent.ThreadPoolExecutor.runWorker(ThreadPoolExecutor.java:1144)
	at java.base/java.util.concurrent.ThreadPoolExecutor$Worker.run(ThreadPoolExecutor.java:642)
	at java.base/java.lang.Thread.run(Thread.java:1583)
... Removed 9 stack frames</div></td></tr></table><p class="totop"><a href="#summary">back to summary</a></p>
<h3 id="m8">TestNgPKG.windows_10_IE_TNg#Scenario2</h3><table class="result"><tr><th class="invisible"/></tr></table><p class="totop"><a href="#summary">back to summary</a></p>
<h2>Firefox on Windows 11</h2><h3 id="m9">TestNgPKG.window_10_FFox_TNg#Scenario1</h3><table class="result"><tr><th>Exception</th></tr><tr><td><div class="stacktrace">java.lang.AssertionError: The following asserts failed:
	Page Title is not as expected! expected [LambdaTest] but found [Selenium Grid Online | Run Selenium Test On Cloud]
	at TestNgPKG.window_10_FFox_TNg.Scenario1(window_10_FFox_TNg.java:75)
	at java.base/java.util.concurrent.FutureTask.run(FutureTask.java:317)
	at java.base/java.util.concurrent.ThreadPoolExecutor.runWorker(ThreadPoolExecutor.java:1144)
	at java.base/java.util.concurrent.ThreadPoolExecutor$Worker.run(ThreadPoolExecutor.java:642)
	at java.base/java.lang.Thread.run(Thread.java:1583)
... Removed 8 stack frames</div></td></tr></table><p class="totop"><a href="#summary">back to summary</a></p>
<h3 id="m10">TestNgPKG.window_10_FFox_TNg#Scenario2</h3><table class="result"><tr><th class="invisible"/></tr></table><p class="totop"><a href="#summary">back to summary</a></p>
<h3 id="m11">TestNgPKG.window_10_FFox_TNg#Scenario3</h3><table class="result"><tr><th class="invisible"/></tr></table><p class="totop"><a href="#summary">back to summary</a></p>
</body>
</html>
