<?xml version="1.0" encoding="UTF-8"?>
<testng-results ignored="0" total="12" passed="7" failed="5" skipped="0">
  <reporter-output>
  </reporter-output>
  <suite started-at="2024-12-14T11:44:30 IST" name="LT_TestNG" finished-at="2024-12-14T11:47:13 IST" duration-ms="163113">
    <groups>
    </groups>
    <test started-at="2024-12-14T11:44:30 IST" name="Chrome on Windows 10" finished-at="2024-12-14T11:46:09 IST" duration-ms="98754">
      <class name="TestNgPKG.window_10_Chrome_TNg">
        <test-method is-config="true" signature="setUp(java.lang.String,java.lang.String,java.lang.String,java.lang.String)[pri:0, instance:TestNgPKG.window_10_Chrome_TNg@8f4ea7c]" started-at="2024-12-14T11:44:30 IST" name="setUp" finished-at="2024-12-14T11:44:52 IST" duration-ms="21827" status="PASS">
          <params>
            <param index="0">
              <value>
                <![CDATA[128.0]]>
              </value>
            </param>
            <param index="1">
              <value>
                <![CDATA[Windows 10]]>
              </value>
            </param>
            <param index="2">
              <value>
                <![CDATA[pandharinathachyutraolondhe]]>
              </value>
            </param>
            <param index="3">
              <value>
                <![CDATA[EDYbfrgZESjAmCvAzgmmucEPKM8983ztsm4niUtc6YkwKdvwOs]]>
              </value>
            </param>
          </params>
          <reporter-output>
          </reporter-output>
        </test-method> <!-- setUp -->
        <test-method signature="Scenario1()[pri:0, instance:TestNgPKG.window_10_Chrome_TNg@8f4ea7c]" started-at="2024-12-14T11:44:52 IST" name="Scenario1" finished-at="2024-12-14T11:44:56 IST" duration-ms="3557" status="FAIL">
          <exception class="java.lang.AssertionError">
            <message>
              <![CDATA[The following asserts failed:
Page Title is not as expected! expected [LambdaTest] but found [Selenium Grid Online | Run Selenium Test On Cloud]]]>
            </message>
            <full-stacktrace>
              <![CDATA[java.lang.AssertionError: The following asserts failed:
Page Title is not as expected! expected [LambdaTest] but found [Selenium Grid Online | Run Selenium Test On Cloud]
at org.testng.asserts.SoftAssert.assertAll(SoftAssert.java:46)
at org.testng.asserts.SoftAssert.assertAll(SoftAssert.java:30)
at TestNgPKG.window_10_Chrome_TNg.Scenario1(window_10_Chrome_TNg.java:78)
at java.base/jdk.internal.reflect.DirectMethodHandleAccessor.invoke(DirectMethodHandleAccessor.java:103)
at java.base/java.lang.reflect.Method.invoke(Method.java:580)
at org.testng.internal.invokers.MethodInvocationHelper.invokeMethod(MethodInvocationHelper.java:139)
at org.testng.internal.invokers.InvokeMethodRunnable.runOne(InvokeMethodRunnable.java:47)
at org.testng.internal.invokers.InvokeMethodRunnable.call(InvokeMethodRunnable.java:76)
at org.testng.internal.invokers.InvokeMethodRunnable.call(InvokeMethodRunnable.java:11)
at java.base/java.util.concurrent.FutureTask.run(FutureTask.java:317)
at java.base/java.util.concurrent.ThreadPoolExecutor.runWorker(ThreadPoolExecutor.java:1144)
at java.base/java.util.concurrent.ThreadPoolExecutor$Worker.run(ThreadPoolExecutor.java:642)
at java.base/java.lang.Thread.run(Thread.java:1583)
]]>
            </full-stacktrace>
          </exception> <!-- java.lang.AssertionError -->
          <reporter-output>
          </reporter-output>
        </test-method> <!-- Scenario1 -->
        <test-method is-config="true" signature="tearDown()[pri:0, instance:TestNgPKG.window_10_Chrome_TNg@8f4ea7c]" started-at="2024-12-14T11:44:56 IST" name="tearDown" finished-at="2024-12-14T11:44:56 IST" duration-ms="150" status="PASS">
          <reporter-output>
          </reporter-output>
        </test-method> <!-- tearDown -->
        <test-method is-config="true" signature="setUp(java.lang.String,java.lang.String,java.lang.String,java.lang.String)[pri:0, instance:TestNgPKG.window_10_Chrome_TNg@8f4ea7c]" started-at="2024-12-14T11:44:56 IST" name="setUp" finished-at="2024-12-14T11:45:26 IST" duration-ms="29625" status="PASS">
          <params>
            <param index="0">
              <value>
                <![CDATA[128.0]]>
              </value>
            </param>
            <param index="1">
              <value>
                <![CDATA[Windows 10]]>
              </value>
            </param>
            <param index="2">
              <value>
                <![CDATA[pandharinathachyutraolondhe]]>
              </value>
            </param>
            <param index="3">
              <value>
                <![CDATA[EDYbfrgZESjAmCvAzgmmucEPKM8983ztsm4niUtc6YkwKdvwOs]]>
              </value>
            </param>
          </params>
          <reporter-output>
          </reporter-output>
        </test-method> <!-- setUp -->
        <test-method signature="Scenario2()[pri:0, instance:TestNgPKG.window_10_Chrome_TNg@8f4ea7c]" started-at="2024-12-14T11:45:26 IST" name="Scenario2" finished-at="2024-12-14T11:45:31 IST" duration-ms="5879" status="PASS">
          <reporter-output>
          </reporter-output>
        </test-method> <!-- Scenario2 -->
        <test-method is-config="true" signature="tearDown()[pri:0, instance:TestNgPKG.window_10_Chrome_TNg@8f4ea7c]" started-at="2024-12-14T11:45:31 IST" name="tearDown" finished-at="2024-12-14T11:45:32 IST" duration-ms="133" status="PASS">
          <reporter-output>
          </reporter-output>
        </test-method> <!-- tearDown -->
        <test-method is-config="true" signature="setUp(java.lang.String,java.lang.String,java.lang.String,java.lang.String)[pri:0, instance:TestNgPKG.window_10_Chrome_TNg@8f4ea7c]" started-at="2024-12-14T11:45:32 IST" name="setUp" finished-at="2024-12-14T11:46:03 IST" duration-ms="31824" status="PASS">
          <params>
            <param index="0">
              <value>
                <![CDATA[128.0]]>
              </value>
            </param>
            <param index="1">
              <value>
                <![CDATA[Windows 10]]>
              </value>
            </param>
            <param index="2">
              <value>
                <![CDATA[pandharinathachyutraolondhe]]>
              </value>
            </param>
            <param index="3">
              <value>
                <![CDATA[EDYbfrgZESjAmCvAzgmmucEPKM8983ztsm4niUtc6YkwKdvwOs]]>
              </value>
            </param>
          </params>
          <reporter-output>
          </reporter-output>
        </test-method> <!-- setUp -->
        <test-method signature="Scenario3()[pri:0, instance:TestNgPKG.window_10_Chrome_TNg@8f4ea7c]" started-at="2024-12-14T11:46:03 IST" name="Scenario3" finished-at="2024-12-14T11:46:09 IST" duration-ms="5349" status="PASS">
          <reporter-output>
          </reporter-output>
        </test-method> <!-- Scenario3 -->
        <test-method is-config="true" signature="tearDown()[pri:0, instance:TestNgPKG.window_10_Chrome_TNg@8f4ea7c]" started-at="2024-12-14T11:46:09 IST" name="tearDown" finished-at="2024-12-14T11:46:09 IST" duration-ms="338" status="PASS">
          <reporter-output>
          </reporter-output>
        </test-method> <!-- tearDown -->
      </class> <!-- TestNgPKG.window_10_Chrome_TNg -->
    </test> <!-- Chrome on Windows 10 -->
    <test started-at="2024-12-14T11:44:30 IST" name="Edge on macOS Ventura" finished-at="2024-12-14T11:46:21 IST" duration-ms="110374">
      <class name="TestNgPKG.mac_Edge_TNg">
        <test-method is-config="true" signature="setUp(java.lang.String,java.lang.String,java.lang.String,java.lang.String)[pri:0, instance:TestNgPKG.mac_Edge_TNg@6c6cb480]" started-at="2024-12-14T11:44:30 IST" name="setUp" finished-at="2024-12-14T11:45:07 IST" duration-ms="36260" status="PASS">
          <params>
            <param index="0">
              <value>
                <![CDATA[127.0]]>
              </value>
            </param>
            <param index="1">
              <value>
                <![CDATA[macOS Ventura]]>
              </value>
            </param>
            <param index="2">
              <value>
                <![CDATA[pandharinathachyutraolondhe]]>
              </value>
            </param>
            <param index="3">
              <value>
                <![CDATA[EDYbfrgZESjAmCvAzgmmucEPKM8983ztsm4niUtc6YkwKdvwOs]]>
              </value>
            </param>
          </params>
          <reporter-output>
          </reporter-output>
        </test-method> <!-- setUp -->
        <test-method signature="Scenario1()[pri:0, instance:TestNgPKG.mac_Edge_TNg@6c6cb480]" started-at="2024-12-14T11:45:07 IST" name="Scenario1" finished-at="2024-12-14T11:45:12 IST" duration-ms="4910" status="FAIL">
          <exception class="java.lang.AssertionError">
            <message>
              <![CDATA[The following asserts failed:
Page Title is not as expected! expected [LambdaTest] but found [Selenium Grid Online | Run Selenium Test On Cloud]]]>
            </message>
            <full-stacktrace>
              <![CDATA[java.lang.AssertionError: The following asserts failed:
Page Title is not as expected! expected [LambdaTest] but found [Selenium Grid Online | Run Selenium Test On Cloud]
at org.testng.asserts.SoftAssert.assertAll(SoftAssert.java:46)
at org.testng.asserts.SoftAssert.assertAll(SoftAssert.java:30)
at TestNgPKG.mac_Edge_TNg.Scenario1(mac_Edge_TNg.java:75)
at java.base/jdk.internal.reflect.DirectMethodHandleAccessor.invoke(DirectMethodHandleAccessor.java:103)
at java.base/java.lang.reflect.Method.invoke(Method.java:580)
at org.testng.internal.invokers.MethodInvocationHelper.invokeMethod(MethodInvocationHelper.java:139)
at org.testng.internal.invokers.InvokeMethodRunnable.runOne(InvokeMethodRunnable.java:47)
at org.testng.internal.invokers.InvokeMethodRunnable.call(InvokeMethodRunnable.java:76)
at org.testng.internal.invokers.InvokeMethodRunnable.call(InvokeMethodRunnable.java:11)
at java.base/java.util.concurrent.FutureTask.run(FutureTask.java:317)
at java.base/java.util.concurrent.ThreadPoolExecutor.runWorker(ThreadPoolExecutor.java:1144)
at java.base/java.util.concurrent.ThreadPoolExecutor$Worker.run(ThreadPoolExecutor.java:642)
at java.base/java.lang.Thread.run(Thread.java:1583)
]]>
            </full-stacktrace>
          </exception> <!-- java.lang.AssertionError -->
          <reporter-output>
          </reporter-output>
        </test-method> <!-- Scenario1 -->
        <test-method is-config="true" signature="tearDown()[pri:0, instance:TestNgPKG.mac_Edge_TNg@6c6cb480]" started-at="2024-12-14T11:45:12 IST" name="tearDown" finished-at="2024-12-14T11:45:12 IST" duration-ms="251" status="PASS">
          <reporter-output>
          </reporter-output>
        </test-method> <!-- tearDown -->
        <test-method is-config="true" signature="setUp(java.lang.String,java.lang.String,java.lang.String,java.lang.String)[pri:0, instance:TestNgPKG.mac_Edge_TNg@6c6cb480]" started-at="2024-12-14T11:45:12 IST" name="setUp" finished-at="2024-12-14T11:45:44 IST" duration-ms="31957" status="PASS">
          <params>
            <param index="0">
              <value>
                <![CDATA[127.0]]>
              </value>
            </param>
            <param index="1">
              <value>
                <![CDATA[macOS Ventura]]>
              </value>
            </param>
            <param index="2">
              <value>
                <![CDATA[pandharinathachyutraolondhe]]>
              </value>
            </param>
            <param index="3">
              <value>
                <![CDATA[EDYbfrgZESjAmCvAzgmmucEPKM8983ztsm4niUtc6YkwKdvwOs]]>
              </value>
            </param>
          </params>
          <reporter-output>
          </reporter-output>
        </test-method> <!-- setUp -->
        <test-method signature="Scenario2()[pri:0, instance:TestNgPKG.mac_Edge_TNg@6c6cb480]" started-at="2024-12-14T11:45:44 IST" name="Scenario2" finished-at="2024-12-14T11:45:48 IST" duration-ms="4559" status="PASS">
          <reporter-output>
          </reporter-output>
        </test-method> <!-- Scenario2 -->
        <test-method is-config="true" signature="tearDown()[pri:0, instance:TestNgPKG.mac_Edge_TNg@6c6cb480]" started-at="2024-12-14T11:45:48 IST" name="tearDown" finished-at="2024-12-14T11:45:48 IST" duration-ms="126" status="PASS">
          <reporter-output>
          </reporter-output>
        </test-method> <!-- tearDown -->
        <test-method is-config="true" signature="setUp(java.lang.String,java.lang.String,java.lang.String,java.lang.String)[pri:0, instance:TestNgPKG.mac_Edge_TNg@6c6cb480]" started-at="2024-12-14T11:45:48 IST" name="setUp" finished-at="2024-12-14T11:46:16 IST" duration-ms="27497" status="PASS">
          <params>
            <param index="0">
              <value>
                <![CDATA[127.0]]>
              </value>
            </param>
            <param index="1">
              <value>
                <![CDATA[macOS Ventura]]>
              </value>
            </param>
            <param index="2">
              <value>
                <![CDATA[pandharinathachyutraolondhe]]>
              </value>
            </param>
            <param index="3">
              <value>
                <![CDATA[EDYbfrgZESjAmCvAzgmmucEPKM8983ztsm4niUtc6YkwKdvwOs]]>
              </value>
            </param>
          </params>
          <reporter-output>
          </reporter-output>
        </test-method> <!-- setUp -->
        <test-method signature="Scenario3()[pri:0, instance:TestNgPKG.mac_Edge_TNg@6c6cb480]" started-at="2024-12-14T11:46:16 IST" name="Scenario3" finished-at="2024-12-14T11:46:20 IST" duration-ms="4429" status="PASS">
          <reporter-output>
          </reporter-output>
        </test-method> <!-- Scenario3 -->
        <test-method is-config="true" signature="tearDown()[pri:0, instance:TestNgPKG.mac_Edge_TNg@6c6cb480]" started-at="2024-12-14T11:46:20 IST" name="tearDown" finished-at="2024-12-14T11:46:21 IST" duration-ms="319" status="PASS">
          <reporter-output>
          </reporter-output>
        </test-method> <!-- tearDown -->
      </class> <!-- TestNgPKG.mac_Edge_TNg -->
    </test> <!-- Edge on macOS Ventura -->
    <test started-at="2024-12-14T11:44:30 IST" name="Internet Explorer on Windows 10" finished-at="2024-12-14T11:46:36 IST" duration-ms="125239">
      <class name="TestNgPKG.windows_10_IE_TNg">
        <test-method is-config="true" signature="setUp(java.lang.String,java.lang.String,java.lang.String,java.lang.String)[pri:0, instance:TestNgPKG.windows_10_IE_TNg@292b08d6]" started-at="2024-12-14T11:44:30 IST" name="setUp" finished-at="2024-12-14T11:44:55 IST" duration-ms="24603" status="PASS">
          <params>
            <param index="0">
              <value>
                <![CDATA[11]]>
              </value>
            </param>
            <param index="1">
              <value>
                <![CDATA[Windows 10]]>
              </value>
            </param>
            <param index="2">
              <value>
                <![CDATA[pandharinathachyutraolondhe]]>
              </value>
            </param>
            <param index="3">
              <value>
                <![CDATA[EDYbfrgZESjAmCvAzgmmucEPKM8983ztsm4niUtc6YkwKdvwOs]]>
              </value>
            </param>
          </params>
          <reporter-output>
          </reporter-output>
        </test-method> <!-- setUp -->
        <test-method signature="Scenario1()[pri:0, instance:TestNgPKG.windows_10_IE_TNg@292b08d6]" started-at="2024-12-14T11:44:55 IST" name="Scenario1" finished-at="2024-12-14T11:45:00 IST" duration-ms="5308" status="FAIL">
          <exception class="java.lang.AssertionError">
            <message>
              <![CDATA[The following asserts failed:
Page Title is not as expected! expected [LambdaTest] but found [Selenium Grid Online | Run Selenium Test On Cloud]]]>
            </message>
            <full-stacktrace>
              <![CDATA[java.lang.AssertionError: The following asserts failed:
Page Title is not as expected! expected [LambdaTest] but found [Selenium Grid Online | Run Selenium Test On Cloud]
at org.testng.asserts.SoftAssert.assertAll(SoftAssert.java:46)
at org.testng.asserts.SoftAssert.assertAll(SoftAssert.java:30)
at TestNgPKG.windows_10_IE_TNg.Scenario1(windows_10_IE_TNg.java:72)
at java.base/jdk.internal.reflect.DirectMethodHandleAccessor.invoke(DirectMethodHandleAccessor.java:103)
at java.base/java.lang.reflect.Method.invoke(Method.java:580)
at org.testng.internal.invokers.MethodInvocationHelper.invokeMethod(MethodInvocationHelper.java:139)
at org.testng.internal.invokers.InvokeMethodRunnable.runOne(InvokeMethodRunnable.java:47)
at org.testng.internal.invokers.InvokeMethodRunnable.call(InvokeMethodRunnable.java:76)
at org.testng.internal.invokers.InvokeMethodRunnable.call(InvokeMethodRunnable.java:11)
at java.base/java.util.concurrent.FutureTask.run(FutureTask.java:317)
at java.base/java.util.concurrent.ThreadPoolExecutor.runWorker(ThreadPoolExecutor.java:1144)
at java.base/java.util.concurrent.ThreadPoolExecutor$Worker.run(ThreadPoolExecutor.java:642)
at java.base/java.lang.Thread.run(Thread.java:1583)
]]>
            </full-stacktrace>
          </exception> <!-- java.lang.AssertionError -->
          <reporter-output>
          </reporter-output>
        </test-method> <!-- Scenario1 -->
        <test-method is-config="true" signature="tearDown()[pri:0, instance:TestNgPKG.windows_10_IE_TNg@292b08d6]" started-at="2024-12-14T11:45:00 IST" name="tearDown" finished-at="2024-12-14T11:45:00 IST" duration-ms="144" status="PASS">
          <reporter-output>
          </reporter-output>
        </test-method> <!-- tearDown -->
        <test-method is-config="true" signature="setUp(java.lang.String,java.lang.String,java.lang.String,java.lang.String)[pri:0, instance:TestNgPKG.windows_10_IE_TNg@292b08d6]" started-at="2024-12-14T11:45:00 IST" name="setUp" finished-at="2024-12-14T11:45:47 IST" duration-ms="46228" status="PASS">
          <params>
            <param index="0">
              <value>
                <![CDATA[11]]>
              </value>
            </param>
            <param index="1">
              <value>
                <![CDATA[Windows 10]]>
              </value>
            </param>
            <param index="2">
              <value>
                <![CDATA[pandharinathachyutraolondhe]]>
              </value>
            </param>
            <param index="3">
              <value>
                <![CDATA[EDYbfrgZESjAmCvAzgmmucEPKM8983ztsm4niUtc6YkwKdvwOs]]>
              </value>
            </param>
          </params>
          <reporter-output>
          </reporter-output>
        </test-method> <!-- setUp -->
        <test-method signature="Scenario2()[pri:0, instance:TestNgPKG.windows_10_IE_TNg@292b08d6]" started-at="2024-12-14T11:45:47 IST" name="Scenario2" finished-at="2024-12-14T11:45:53 IST" duration-ms="6816" status="PASS">
          <reporter-output>
          </reporter-output>
        </test-method> <!-- Scenario2 -->
        <test-method is-config="true" signature="tearDown()[pri:0, instance:TestNgPKG.windows_10_IE_TNg@292b08d6]" started-at="2024-12-14T11:45:53 IST" name="tearDown" finished-at="2024-12-14T11:45:54 IST" duration-ms="101" status="PASS">
          <reporter-output>
          </reporter-output>
        </test-method> <!-- tearDown -->
        <test-method is-config="true" signature="setUp(java.lang.String,java.lang.String,java.lang.String,java.lang.String)[pri:0, instance:TestNgPKG.windows_10_IE_TNg@292b08d6]" started-at="2024-12-14T11:45:54 IST" name="setUp" finished-at="2024-12-14T11:46:29 IST" duration-ms="35632" status="PASS">
          <params>
            <param index="0">
              <value>
                <![CDATA[11]]>
              </value>
            </param>
            <param index="1">
              <value>
                <![CDATA[Windows 10]]>
              </value>
            </param>
            <param index="2">
              <value>
                <![CDATA[pandharinathachyutraolondhe]]>
              </value>
            </param>
            <param index="3">
              <value>
                <![CDATA[EDYbfrgZESjAmCvAzgmmucEPKM8983ztsm4niUtc6YkwKdvwOs]]>
              </value>
            </param>
          </params>
          <reporter-output>
          </reporter-output>
        </test-method> <!-- setUp -->
        <test-method signature="Scenario3()[pri:0, instance:TestNgPKG.windows_10_IE_TNg@292b08d6]" started-at="2024-12-14T11:46:29 IST" name="Scenario3" finished-at="2024-12-14T11:46:35 IST" duration-ms="6188" status="FAIL">
          <exception class="org.openqa.selenium.NoAlertPresentException">
            <message>
              <![CDATA[No alert is active
Build info: version: '4.27.0', revision: 'd6e718d134'
System info: os.name: 'Windows 11', os.arch: 'amd64', os.version: '10.0', java.version: '21.0.1'
Driver info: org.openqa.selenium.remote.RemoteWebDriver
Command: [d30671f9-8d81-4daa-994b-5068b6eb0cca, getAlertText {}]
Capabilities {acceptInsecureCerts: false, browserName: internet explorer, browserVersion: 11, pageLoadStrategy: normal, platformName: windows, proxy: Proxy(), se:ieOptions: {browserAttachTimeout: 0, elementScrollBehavior: 0, enablePersistentHover: true, ie.browserCommandLineSwitches: , ie.ensureCleanSession: false, ie.fileUploadDialogTimeout: 3000, ie.forceCreateProcessApi: false, ignoreProtectedModeSettings: false, ignoreZoomSetting: false, initialBrowserUrl: http://localhost:41000/, nativeEvents: true, requireWindowFocus: false}, setWindowRect: true, timeouts: {implicit: 0, pageLoad: 300000, script: 30000}, webdriver.remote.sessionid: d30671f9-8d81-4daa-994b-506...}
Session ID: d30671f9-8d81-4daa-994b-5068b6eb0cca]]>
            </message>
            <full-stacktrace>
              <![CDATA[org.openqa.selenium.NoAlertPresentException: No alert is active
Build info: version: '4.27.0', revision: 'd6e718d134'
System info: os.name: 'Windows 11', os.arch: 'amd64', os.version: '10.0', java.version: '21.0.1'
Driver info: org.openqa.selenium.remote.RemoteWebDriver
Command: [d30671f9-8d81-4daa-994b-5068b6eb0cca, getAlertText {}]
Capabilities {acceptInsecureCerts: false, browserName: internet explorer, browserVersion: 11, pageLoadStrategy: normal, platformName: windows, proxy: Proxy(), se:ieOptions: {browserAttachTimeout: 0, elementScrollBehavior: 0, enablePersistentHover: true, ie.browserCommandLineSwitches: , ie.ensureCleanSession: false, ie.fileUploadDialogTimeout: 3000, ie.forceCreateProcessApi: false, ignoreProtectedModeSettings: false, ignoreZoomSetting: false, initialBrowserUrl: http://localhost:41000/, nativeEvents: true, requireWindowFocus: false}, setWindowRect: true, timeouts: {implicit: 0, pageLoad: 300000, script: 30000}, webdriver.remote.sessionid: d30671f9-8d81-4daa-994b-506...}
Session ID: d30671f9-8d81-4daa-994b-5068b6eb0cca
at java.base/jdk.internal.reflect.DirectConstructorHandleAccessor.newInstance(DirectConstructorHandleAccessor.java:62)
at java.base/java.lang.reflect.Constructor.newInstanceWithCaller(Constructor.java:502)
at java.base/java.lang.reflect.Constructor.newInstance(Constructor.java:486)
at org.openqa.selenium.remote.ErrorCodec.decode(ErrorCodec.java:167)
at org.openqa.selenium.remote.codec.w3c.W3CHttpResponseCodec.decode(W3CHttpResponseCodec.java:138)
at org.openqa.selenium.remote.codec.w3c.W3CHttpResponseCodec.decode(W3CHttpResponseCodec.java:50)
at org.openqa.selenium.remote.HttpCommandExecutor.execute(HttpCommandExecutor.java:190)
at org.openqa.selenium.remote.TracedCommandExecutor.execute(TracedCommandExecutor.java:53)
at org.openqa.selenium.remote.RemoteWebDriver.execute(RemoteWebDriver.java:545)
at org.openqa.selenium.remote.RemoteWebDriver.execute(RemoteWebDriver.java:618)
at org.openqa.selenium.remote.RemoteWebDriver.execute(RemoteWebDriver.java:622)
at org.openqa.selenium.remote.RemoteWebDriver$RemoteTargetLocator.alert(RemoteWebDriver.java:1194)
at TestNgPKG.windows_10_IE_TNg.Scenario3(windows_10_IE_TNg.java:97)
at java.base/jdk.internal.reflect.DirectMethodHandleAccessor.invoke(DirectMethodHandleAccessor.java:103)
at java.base/java.lang.reflect.Method.invoke(Method.java:580)
at org.testng.internal.invokers.MethodInvocationHelper.invokeMethod(MethodInvocationHelper.java:139)
at org.testng.internal.invokers.InvokeMethodRunnable.runOne(InvokeMethodRunnable.java:47)
at org.testng.internal.invokers.InvokeMethodRunnable.call(InvokeMethodRunnable.java:76)
at org.testng.internal.invokers.InvokeMethodRunnable.call(InvokeMethodRunnable.java:11)
at java.base/java.util.concurrent.FutureTask.run(FutureTask.java:317)
at java.base/java.util.concurrent.ThreadPoolExecutor.runWorker(ThreadPoolExecutor.java:1144)
at java.base/java.util.concurrent.ThreadPoolExecutor$Worker.run(ThreadPoolExecutor.java:642)
at java.base/java.lang.Thread.run(Thread.java:1583)
]]>
            </full-stacktrace>
          </exception> <!-- org.openqa.selenium.NoAlertPresentException -->
          <reporter-output>
          </reporter-output>
        </test-method> <!-- Scenario3 -->
        <test-method is-config="true" signature="tearDown()[pri:0, instance:TestNgPKG.windows_10_IE_TNg@292b08d6]" started-at="2024-12-14T11:46:35 IST" name="tearDown" finished-at="2024-12-14T11:46:36 IST" duration-ms="154" status="PASS">
          <reporter-output>
          </reporter-output>
        </test-method> <!-- tearDown -->
      </class> <!-- TestNgPKG.windows_10_IE_TNg -->
    </test> <!-- Internet Explorer on Windows 10 -->
    <test started-at="2024-12-14T11:44:30 IST" name="Firefox on Windows 11" finished-at="2024-12-14T11:47:13 IST" duration-ms="163113">
      <class name="TestNgPKG.window_10_FFox_TNg">
        <test-method is-config="true" signature="setUp(java.lang.String,java.lang.String,java.lang.String,java.lang.String)[pri:0, instance:TestNgPKG.window_10_FFox_TNg@54d9d12d]" started-at="2024-12-14T11:44:30 IST" name="setUp" finished-at="2024-12-14T11:45:21 IST" duration-ms="50241" status="PASS">
          <params>
            <param index="0">
              <value>
                <![CDATA[130]]>
              </value>
            </param>
            <param index="1">
              <value>
                <![CDATA[Windows 11]]>
              </value>
            </param>
            <param index="2">
              <value>
                <![CDATA[pandharinathachyutraolondhe]]>
              </value>
            </param>
            <param index="3">
              <value>
                <![CDATA[EDYbfrgZESjAmCvAzgmmucEPKM8983ztsm4niUtc6YkwKdvwOs]]>
              </value>
            </param>
          </params>
          <reporter-output>
          </reporter-output>
        </test-method> <!-- setUp -->
        <test-method signature="Scenario1()[pri:0, instance:TestNgPKG.window_10_FFox_TNg@54d9d12d]" started-at="2024-12-14T11:45:21 IST" name="Scenario1" finished-at="2024-12-14T11:45:32 IST" duration-ms="10983" status="FAIL">
          <exception class="java.lang.AssertionError">
            <message>
              <![CDATA[The following asserts failed:
Page Title is not as expected! expected [LambdaTest] but found [Selenium Grid Online | Run Selenium Test On Cloud]]]>
            </message>
            <full-stacktrace>
              <![CDATA[java.lang.AssertionError: The following asserts failed:
Page Title is not as expected! expected [LambdaTest] but found [Selenium Grid Online | Run Selenium Test On Cloud]
at org.testng.asserts.SoftAssert.assertAll(SoftAssert.java:46)
at org.testng.asserts.SoftAssert.assertAll(SoftAssert.java:30)
at TestNgPKG.window_10_FFox_TNg.Scenario1(window_10_FFox_TNg.java:75)
at java.base/jdk.internal.reflect.DirectMethodHandleAccessor.invoke(DirectMethodHandleAccessor.java:103)
at java.base/java.lang.reflect.Method.invoke(Method.java:580)
at org.testng.internal.invokers.MethodInvocationHelper.invokeMethod(MethodInvocationHelper.java:139)
at org.testng.internal.invokers.InvokeMethodRunnable.runOne(InvokeMethodRunnable.java:47)
at org.testng.internal.invokers.InvokeMethodRunnable.call(InvokeMethodRunnable.java:76)
at org.testng.internal.invokers.InvokeMethodRunnable.call(InvokeMethodRunnable.java:11)
at java.base/java.util.concurrent.FutureTask.run(FutureTask.java:317)
at java.base/java.util.concurrent.ThreadPoolExecutor.runWorker(ThreadPoolExecutor.java:1144)
at java.base/java.util.concurrent.ThreadPoolExecutor$Worker.run(ThreadPoolExecutor.java:642)
at java.base/java.lang.Thread.run(Thread.java:1583)
]]>
            </full-stacktrace>
          </exception> <!-- java.lang.AssertionError -->
          <reporter-output>
          </reporter-output>
        </test-method> <!-- Scenario1 -->
        <test-method is-config="true" signature="tearDown()[pri:0, instance:TestNgPKG.window_10_FFox_TNg@54d9d12d]" started-at="2024-12-14T11:45:32 IST" name="tearDown" finished-at="2024-12-14T11:45:34 IST" duration-ms="2269" status="PASS">
          <reporter-output>
          </reporter-output>
        </test-method> <!-- tearDown -->
        <test-method is-config="true" signature="setUp(java.lang.String,java.lang.String,java.lang.String,java.lang.String)[pri:0, instance:TestNgPKG.window_10_FFox_TNg@54d9d12d]" started-at="2024-12-14T11:45:34 IST" name="setUp" finished-at="2024-12-14T11:46:10 IST" duration-ms="36466" status="PASS">
          <params>
            <param index="0">
              <value>
                <![CDATA[130]]>
              </value>
            </param>
            <param index="1">
              <value>
                <![CDATA[Windows 11]]>
              </value>
            </param>
            <param index="2">
              <value>
                <![CDATA[pandharinathachyutraolondhe]]>
              </value>
            </param>
            <param index="3">
              <value>
                <![CDATA[EDYbfrgZESjAmCvAzgmmucEPKM8983ztsm4niUtc6YkwKdvwOs]]>
              </value>
            </param>
          </params>
          <reporter-output>
          </reporter-output>
        </test-method> <!-- setUp -->
        <test-method signature="Scenario2()[pri:0, instance:TestNgPKG.window_10_FFox_TNg@54d9d12d]" started-at="2024-12-14T11:46:10 IST" name="Scenario2" finished-at="2024-12-14T11:46:23 IST" duration-ms="12637" status="PASS">
          <reporter-output>
          </reporter-output>
        </test-method> <!-- Scenario2 -->
        <test-method is-config="true" signature="tearDown()[pri:0, instance:TestNgPKG.window_10_FFox_TNg@54d9d12d]" started-at="2024-12-14T11:46:23 IST" name="tearDown" finished-at="2024-12-14T11:46:25 IST" duration-ms="2396" status="PASS">
          <reporter-output>
          </reporter-output>
        </test-method> <!-- tearDown -->
        <test-method is-config="true" signature="setUp(java.lang.String,java.lang.String,java.lang.String,java.lang.String)[pri:0, instance:TestNgPKG.window_10_FFox_TNg@54d9d12d]" started-at="2024-12-14T11:46:25 IST" name="setUp" finished-at="2024-12-14T11:46:52 IST" duration-ms="26873" status="PASS">
          <params>
            <param index="0">
              <value>
                <![CDATA[130]]>
              </value>
            </param>
            <param index="1">
              <value>
                <![CDATA[Windows 11]]>
              </value>
            </param>
            <param index="2">
              <value>
                <![CDATA[pandharinathachyutraolondhe]]>
              </value>
            </param>
            <param index="3">
              <value>
                <![CDATA[EDYbfrgZESjAmCvAzgmmucEPKM8983ztsm4niUtc6YkwKdvwOs]]>
              </value>
            </param>
          </params>
          <reporter-output>
          </reporter-output>
        </test-method> <!-- setUp -->
        <test-method signature="Scenario3()[pri:0, instance:TestNgPKG.window_10_FFox_TNg@54d9d12d]" started-at="2024-12-14T11:46:52 IST" name="Scenario3" finished-at="2024-12-14T11:47:11 IST" duration-ms="18901" status="PASS">
          <reporter-output>
          </reporter-output>
        </test-method> <!-- Scenario3 -->
        <test-method is-config="true" signature="tearDown()[pri:0, instance:TestNgPKG.window_10_FFox_TNg@54d9d12d]" started-at="2024-12-14T11:47:11 IST" name="tearDown" finished-at="2024-12-14T11:47:13 IST" duration-ms="2282" status="PASS">
          <reporter-output>
          </reporter-output>
        </test-method> <!-- tearDown -->
      </class> <!-- TestNgPKG.window_10_FFox_TNg -->
    </test> <!-- Firefox on Windows 11 -->
  </suite> <!-- LT_TestNG -->
</testng-results>
